<?xml version="1.0" encoding="UTF-8"?>
<!-- Generated by org.testng.reporters.JUnitXMLReporter -->
<testsuite ignored="0" hostname="MacBook-Air" failures="1" tests="1" name="Test" time="1.347" errors="0" timestamp="28 Oct 2019 07:57:25 GMT">
  <testcase classname="com.Automation.Utilities.CucumberRunner" name="feature" time="0.605">
    <failure type="cucumber.runtime.CucumberException" message="java.lang.IllegalStateException: The driver executable does not exist: /Users/arief/eclipse-workspace/MyProject/ /Users/arief/Desktop/chromedriver">
      <![CDATA[cucumber.runtime.CucumberException: java.lang.IllegalStateException: The driver executable does not exist: /Users/arief/eclipse-workspace/MyProject/ /Users/arief/Desktop/chromedriver
at cucumber.api.testng.TestNGCucumberRunner.runCucumber(TestNGCucumberRunner.java:69)
at com.Automation.Utilities.CucumberRunner.feature(CucumberRunner.java:39)
Caused by: java.lang.IllegalStateException: The driver executable does not exist: /Users/arief/eclipse-workspace/MyProject/ /Users/arief/Desktop/chromedriver
at com.google.common.base.Preconditions.checkState(Preconditions.java:585)
at org.openqa.selenium.remote.service.DriverService.checkExecutable(DriverService.java:136)
at org.openqa.selenium.remote.service.DriverService.findExecutable(DriverService.java:131)
at org.openqa.selenium.chrome.ChromeDriverService.access$000(ChromeDriverService.java:32)
at org.openqa.selenium.chrome.ChromeDriverService$Builder.findDefaultExecutable(ChromeDriverService.java:137)
at org.openqa.selenium.remote.service.DriverService$Builder.build(DriverService.java:339)
at org.openqa.selenium.chrome.ChromeDriverService.createDefaultService(ChromeDriverService.java:88)
at org.openqa.selenium.chrome.ChromeDriver.<init>(ChromeDriver.java:123)
at com.Automation.Utilities.BaseClass.initialization(BaseClass.java:45)
at com.Automation.Steps.Stepdefinition.open_the_browser(Stepdefinition.java:17)
at âœ½.Given open the browser(/Users/arief/eclipse-workspace/MyProject/src/test/java/SKECCollege.feature:8)
... Removed 25 stack frames]]>
    </failure>
  </testcase> <!-- feature -->
</testsuite> <!-- Test -->
